[3.882s] DEBUG:colcon:Command line arguments: ['/usr/bin/colcon', 'build']
[3.882s] DEBUG:colcon:Parsed command line arguments: Namespace(log_base=None, log_level=None, verb_name='build', build_base='build', install_base='install', merge_install=False, symlink_install=False, test_result_base=None, continue_on_error=False, executor='parallel', parallel_workers=6, event_handlers=None, ignore_user_meta=False, metas=['./colcon.meta'], base_paths=['.'], packages_ignore=None, packages_ignore_regex=None, paths=None, packages_up_to=None, packages_up_to_regex=None, packages_above=None, packages_above_and_dependencies=None, packages_above_depth=None, packages_select_by_dep=None, packages_skip_by_dep=None, packages_skip_up_to=None, packages_select_build_failed=False, packages_skip_build_finished=False, packages_select_test_failures=False, packages_skip_test_passed=False, packages_select=None, packages_skip=None, packages_select_regex=None, packages_skip_regex=None, packages_start=None, packages_end=None, allow_overriding=[], cmake_args=None, cmake_target=None, cmake_target_skip_unavailable=False, cmake_clean_cache=False, cmake_clean_first=False, cmake_force_configure=False, ament_cmake_args=None, catkin_cmake_args=None, catkin_skip_building_tests=False, verb_parser=<colcon_defaults.argument_parser.defaults.DefaultArgumentsDecorator object at 0x74dd315e4a00>, verb_extension=<colcon_core.verb.build.BuildVerb object at 0x74dd315e4220>, main=<bound method BuildVerb.main of <colcon_core.verb.build.BuildVerb object at 0x74dd315e4220>>)
[4.218s] Level 1:colcon.colcon_core.package_discovery:discover_packages(colcon_meta) check parameters
[4.218s] Level 1:colcon.colcon_core.package_discovery:discover_packages(recursive) check parameters
[4.218s] Level 1:colcon.colcon_core.package_discovery:discover_packages(ignore) check parameters
[4.218s] Level 1:colcon.colcon_core.package_discovery:discover_packages(path) check parameters
[4.218s] Level 1:colcon.colcon_core.package_discovery:discover_packages(colcon_meta) discover
[4.219s] Level 1:colcon.colcon_core.package_discovery:discover_packages(recursive) discover
[4.219s] INFO:colcon.colcon_core.package_discovery:Crawling recursively for packages in '/home/s09/ros2_ws/src/ros2_practice/ros2_basic/ros2_basic'
[4.219s] Level 1:colcon.colcon_core.package_identification:_identify(.) by extensions ['ignore', 'ignore_ament_install']
[4.219s] Level 1:colcon.colcon_core.package_identification:_identify(.) by extension 'ignore'
[4.219s] Level 1:colcon.colcon_core.package_identification:_identify(.) by extension 'ignore_ament_install'
[4.219s] Level 1:colcon.colcon_core.package_identification:_identify(.) by extensions ['colcon_pkg']
[4.219s] Level 1:colcon.colcon_core.package_identification:_identify(.) by extension 'colcon_pkg'
[4.219s] Level 1:colcon.colcon_core.package_identification:_identify(.) by extensions ['colcon_meta']
[4.219s] Level 1:colcon.colcon_core.package_identification:_identify(.) by extension 'colcon_meta'
[4.219s] Level 1:colcon.colcon_core.package_identification:_identify(.) by extensions ['ros']
[4.219s] Level 1:colcon.colcon_core.package_identification:_identify(.) by extension 'ros'
[4.234s] Level 1:colcon.colcon_core.package_identification:_identify(.) by extensions ['cmake', 'python']
[4.234s] Level 1:colcon.colcon_core.package_identification:_identify(.) by extension 'cmake'
[4.234s] Level 1:colcon.colcon_core.package_identification:_identify(.) by extension 'python'
[4.234s] Level 1:colcon.colcon_core.package_identification:_identify(.) by extensions ['python_setup_py']
[4.234s] Level 1:colcon.colcon_core.package_identification:_identify(.) by extension 'python_setup_py'
[4.234s] Level 1:colcon.colcon_core.package_identification:_identify(build) by extensions ['ignore', 'ignore_ament_install']
[4.235s] Level 1:colcon.colcon_core.package_identification:_identify(build) by extension 'ignore'
[4.235s] Level 1:colcon.colcon_core.package_identification:_identify(build) ignored
[4.235s] Level 1:colcon.colcon_core.package_identification:_identify(install) by extensions ['ignore', 'ignore_ament_install']
[4.235s] Level 1:colcon.colcon_core.package_identification:_identify(install) by extension 'ignore'
[4.235s] Level 1:colcon.colcon_core.package_identification:_identify(install) ignored
[4.235s] Level 1:colcon.colcon_core.package_identification:_identify(log) by extensions ['ignore', 'ignore_ament_install']
[4.235s] Level 1:colcon.colcon_core.package_identification:_identify(log) by extension 'ignore'
[4.235s] Level 1:colcon.colcon_core.package_identification:_identify(log) ignored
[4.235s] Level 1:colcon.colcon_core.package_discovery:discover_packages(recursive) using defaults
[4.235s] Level 1:colcon.colcon_core.package_discovery:discover_packages(ignore) discover
[4.235s] Level 1:colcon.colcon_core.package_discovery:discover_packages(ignore) using defaults
[4.235s] Level 1:colcon.colcon_core.package_discovery:discover_packages(path) discover
[4.235s] Level 1:colcon.colcon_core.package_discovery:discover_packages(path) using defaults
[4.271s] Level 1:colcon.colcon_core.package_discovery:discover_packages(prefix_path) check parameters
[4.271s] Level 1:colcon.colcon_core.package_discovery:discover_packages(prefix_path) discover
[4.276s] DEBUG:colcon.colcon_installed_package_information.package_discovery:Found 1 installed packages in /home/s09/ros2_ws/install
[4.279s] DEBUG:colcon.colcon_installed_package_information.package_discovery:Found 470 installed packages in /opt/ros/humble
[4.282s] Level 1:colcon.colcon_core.package_discovery:discover_packages(prefix_path) using defaults
[4.407s] INFO:colcon.colcon_core.executor:Executing jobs using 'parallel' executor
[4.408s] DEBUG:colcon.colcon_parallel_executor.executor.parallel:run_until_complete
[4.408s] DEBUG:colcon.colcon_parallel_executor.executor.parallel:closing loop
[4.408s] DEBUG:colcon.colcon_parallel_executor.executor.parallel:loop closed
[4.408s] DEBUG:colcon.colcon_parallel_executor.executor.parallel:run_until_complete finished with '0'
[4.408s] DEBUG:colcon.colcon_core.event_reactor:joining thread
[4.470s] INFO:colcon.colcon_core.plugin_system:Skipping extension 'colcon_notification.desktop_notification.notify_send': Could not find 'notify-send'
[4.470s] INFO:colcon.colcon_core.plugin_system:Skipping extension 'colcon_notification.desktop_notification.terminal_notifier': Not used on non-Darwin systems
[4.470s] INFO:colcon.colcon_core.plugin_system:Skipping extension 'colcon_notification.desktop_notification.win32': Not used on non-Windows systems
[4.470s] INFO:colcon.colcon_notification.desktop_notification:Sending desktop notification using 'notify2'
[4.472s] DEBUG:colcon.colcon_notification.desktop_notification.notify2:Failed to initialize notify2: org.freedesktop.DBus.Error.ServiceUnknown: The name org.freedesktop.Notifications was not provided by any .service files
[4.472s] DEBUG:colcon.colcon_core.event_reactor:joined thread
[4.476s] INFO:colcon.colcon_core.plugin_system:Skipping extension 'colcon_core.shell.bat': Not used on non-Windows systems
[4.477s] INFO:colcon.colcon_core.shell:Creating prefix script '/home/s09/ros2_ws/src/ros2_practice/ros2_basic/ros2_basic/install/local_setup.ps1'
[4.478s] INFO:colcon.colcon_core.shell:Creating prefix util module '/home/s09/ros2_ws/src/ros2_practice/ros2_basic/ros2_basic/install/_local_setup_util_ps1.py'
[4.479s] INFO:colcon.colcon_core.shell:Creating prefix chain script '/home/s09/ros2_ws/src/ros2_practice/ros2_basic/ros2_basic/install/setup.ps1'
[4.480s] INFO:colcon.colcon_core.shell:Creating prefix script '/home/s09/ros2_ws/src/ros2_practice/ros2_basic/ros2_basic/install/local_setup.sh'
[4.481s] INFO:colcon.colcon_core.shell:Creating prefix util module '/home/s09/ros2_ws/src/ros2_practice/ros2_basic/ros2_basic/install/_local_setup_util_sh.py'
[4.482s] INFO:colcon.colcon_core.shell:Creating prefix chain script '/home/s09/ros2_ws/src/ros2_practice/ros2_basic/ros2_basic/install/setup.sh'
[4.483s] INFO:colcon.colcon_core.shell:Creating prefix script '/home/s09/ros2_ws/src/ros2_practice/ros2_basic/ros2_basic/install/local_setup.bash'
[4.483s] INFO:colcon.colcon_core.shell:Creating prefix chain script '/home/s09/ros2_ws/src/ros2_practice/ros2_basic/ros2_basic/install/setup.bash'
[4.485s] INFO:colcon.colcon_core.shell:Creating prefix script '/home/s09/ros2_ws/src/ros2_practice/ros2_basic/ros2_basic/install/local_setup.zsh'
[4.485s] INFO:colcon.colcon_core.shell:Creating prefix chain script '/home/s09/ros2_ws/src/ros2_practice/ros2_basic/ros2_basic/install/setup.zsh'
